<?xml version="1.0" encoding="UTF-8"?>
<!-- Generated by org.testng.reporters.JUnitXMLReporter -->
<testsuite ignored="0" hostname="Brent-Putmans-Mac-Mini.local" failures="0" tests="2" name="Surefire test" time="0.038" errors="0" timestamp="2023-12-13T21:47:02 EST">
  <testcase classname="net.shibboleth.idp.profile.spring.factory.FlowRelativeResourceLoaderTest" name="testClasspathWildcard_GetResourceByPath_IDP1833" time="0.012"/>
  <testcase classname="net.shibboleth.idp.profile.spring.factory.FlowRelativeResourceLoaderTest" name="testClasspathWildcard_GetResource_IDP1833" time="0.001"/>
</testsuite> <!-- Surefire test -->
