<?xml version="1.0" encoding="UTF-8"?>
<testng-results ignored="0" total="2" passed="2" failed="0" skipped="0">
  <reporter-output>
  </reporter-output>
  <suite started-at="2023-12-13T21:47:02 EST" name="Surefire suite" finished-at="2023-12-13T21:47:02 EST" duration-ms="38">
    <groups>
    </groups>
    <test started-at="2023-12-13T21:47:02 EST" name="Surefire test" finished-at="2023-12-13T21:47:02 EST" duration-ms="38">
      <class name="net.shibboleth.idp.profile.spring.factory.FlowRelativeResourceLoaderTest">
        <test-method signature="testClasspathWildcard_GetResourceByPath_IDP1833()[pri:0, instance:net.shibboleth.idp.profile.spring.factory.FlowRelativeResourceLoaderTest@316bcf94]" started-at="2023-12-13T21:47:02 EST" name="testClasspathWildcard_GetResourceByPath_IDP1833" finished-at="2023-12-13T21:47:02 EST" duration-ms="12" status="PASS">
          <reporter-output>
          </reporter-output>
        </test-method> <!-- testClasspathWildcard_GetResourceByPath_IDP1833 -->
        <test-method signature="testClasspathWildcard_GetResource_IDP1833()[pri:0, instance:net.shibboleth.idp.profile.spring.factory.FlowRelativeResourceLoaderTest@316bcf94]" started-at="2023-12-13T21:47:02 EST" name="testClasspathWildcard_GetResource_IDP1833" finished-at="2023-12-13T21:47:02 EST" duration-ms="1" status="PASS">
          <reporter-output>
          </reporter-output>
        </test-method> <!-- testClasspathWildcard_GetResource_IDP1833 -->
      </class> <!-- net.shibboleth.idp.profile.spring.factory.FlowRelativeResourceLoaderTest -->
    </test> <!-- Surefire test -->
  </suite> <!-- Surefire suite -->
</testng-results>
